{"level":"info","message":"info message","timestamp":"2016-08-16 16:24:53"}
{"level":"info","message":"started","timestamp":"2016-08-16 16:24:53"}
{"level":"info","message":"transact","timestamp":"2016-08-16 16:24:53"}
{"level":"info","message":"[{\"Id\":78,\"Name\":\"Admin Admin\",\"CompanyLegalName\":\"Meg\",\"CompanyPhone\":\"0456-34344\",\"Mobile\":\"894589489\",\"Email\":\"admin\",\"JobTitle\":\"asasa\",\"Fax\":\"0421-1112\",\"Address\":\"asd\"}]","timestamp":"2016-08-16 16:24:53"}
{"level":"info","message":"{\"Id\":78,\"Name\":\"Admin Admin\",\"CompanyLegalName\":\"Meg\",\"CompanyPhone\":\"0456-34344\",\"Mobile\":\"894589489\",\"Email\":\"admin\",\"JobTitle\":\"asasa\",\"Fax\":\"0421-1112\",\"Address\":\"asd\"}","timestamp":"2016-08-16 16:24:53"}
{"level":"info","message":"transact","timestamp":"2016-08-16 16:24:53"}
{"level":"info","message":"Error connecting database ... nnError: Cannot enqueue Handshake after already enqueuing a Handshake.","timestamp":"2016-08-16 16:24:53"}
{"date":"Tue Aug 16 2016 16:25:10 GMT+0530 (India Standard Time)","process":{"pid":5108,"uid":null,"gid":null,"cwd":"D:\\pandi\\Node\\basic\\basic","execPath":"C:\\Program Files\\nodejs\\node.exe","version":"v4.4.4","argv":["C:\\Program Files\\nodejs\\node.exe","D:\\pandi\\Node\\basic\\basic\\app.js"],"memoryUsage":{"rss":63787008,"heapTotal":41390928,"heapUsed":24949176}},"os":{"loadavg":[0,0,0],"uptime":537924.911587},"trace":[{"column":null,"file":null,"function":"Error","line":null,"method":null,"native":true}],"stack":["Error: ENOENT: no such file or directory, lstat 'D:\\pandi\\Node\\basic\\basic\\public\\Files\\191'","    at Error (native)"],"level":"error","message":"uncaughtException: ENOENT: no such file or directory, lstat 'D:\\pandi\\Node\\basic\\basic\\public\\Files\\191'","timestamp":"2016-08-16 16:24:53"}
{"level":"info","message":"Function Getdata..........","timestamp":"2016-08-16 16:24:53"}
{"level":"info","message":"transact","timestamp":"2016-08-16 16:24:53"}
{"level":"info","message":"[{\"Id\":78,\"Name\":\"Admin Admin\",\"CompanyLegalName\":\"Meg\",\"CompanyPhone\":\"0456-34344\",\"Mobile\":\"894589489\",\"Email\":\"admin\",\"JobTitle\":\"asasa\",\"Fax\":\"0421-1112\",\"Address\":\"asd\"}]","timestamp":"2016-08-16 16:24:53"}
{"level":"info","message":"{\"Id\":78,\"Name\":\"Admin Admin\",\"CompanyLegalName\":\"Meg\",\"CompanyPhone\":\"0456-34344\",\"Mobile\":\"894589489\",\"Email\":\"admin\",\"JobTitle\":\"asasa\",\"Fax\":\"0421-1112\",\"Address\":\"asd\"}","timestamp":"2016-08-16 16:24:53"}
{"level":"info","message":"transact","timestamp":"2016-08-16 16:24:53"}
{"level":"info","message":"Error connecting database ... nnError: Cannot enqueue Handshake after already enqueuing a Handshake.","timestamp":"2016-08-16 16:24:53"}
{"level":"info","message":"[{\"Id\":179,\"PaymentTermsId\":88,\"CurrencyId\":76,\"CurrencySymbol\":\"$\",\"IncoTermsId\":81,\"ShipById\":76,\"FrieghtChargesId\":77,\"InsuranceId\":72,\"ApplicationStatusId\":76,\"CreditAmountRequested\":\"1500\",\"Tolerance\":\"0\",\"ShippingIfOtherSpecify\":\"\",\"PartialShipment\":\"Allowed\",\"TranShipment\":\"Prohibited \",\"ExpirationDate\":\"08/16/2016\",\"LatestShipment\":\"08/16/2016\",\"PortOfLoading\":\"\",\"PortOfDischarge\":\"\",\"DaysToPresentDocuments\":\"14\",\"Transferable\":\"Yes\",\"ConfirmationInstructions\":\"None\",\"CreatedDate\":\"08/16/2016\",\"ModifiedDate\":\"08/16/2016\",\"CreaterId\":78,\"ModifierId\":78,\"BenificiaryId\":98,\"BankId\":102,\"ApplicantId\":78,\"LcaNo\":\"179\",\"EtcLcaNo\":\"\",\"Signature\":\"\",\"Terms\":{\"type\":\"Buffer\",\"data\":[0]},\"IsCompleted\":{\"type\":\"Buffer\",\"data\":[0]},\"DescriptionOfGoods\":\"\",\"RequiredDocuments\":\"\",\"AdditionalConditions\":\"\",\"IncoTermIfOtherSpecify\":\"\"}]","timestamp":"2016-08-16 16:24:53"}
{"level":"info","message":"{\"Id\":179,\"PaymentTermsId\":88,\"CurrencyId\":76,\"CurrencySymbol\":\"$\",\"IncoTermsId\":81,\"ShipById\":76,\"FrieghtChargesId\":77,\"InsuranceId\":72,\"ApplicationStatusId\":76,\"CreditAmountRequested\":\"1500\",\"Tolerance\":\"0\",\"ShippingIfOtherSpecify\":\"\",\"PartialShipment\":\"Allowed\",\"TranShipment\":\"Prohibited \",\"ExpirationDate\":\"08/16/2016\",\"LatestShipment\":\"08/16/2016\",\"PortOfLoading\":\"\",\"PortOfDischarge\":\"\",\"DaysToPresentDocuments\":\"14\",\"Transferable\":\"Yes\",\"ConfirmationInstructions\":\"None\",\"CreatedDate\":\"08/16/2016\",\"ModifiedDate\":\"08/16/2016\",\"CreaterId\":78,\"ModifierId\":78,\"BenificiaryId\":98,\"BankId\":102,\"ApplicantId\":78,\"LcaNo\":\"179\",\"EtcLcaNo\":\"\",\"Signature\":\"\",\"Terms\":{\"type\":\"Buffer\",\"data\":[0]},\"IsCompleted\":{\"type\":\"Buffer\",\"data\":[0]},\"DescriptionOfGoods\":\"\",\"RequiredDocuments\":\"\",\"AdditionalConditions\":\"\",\"IncoTermIfOtherSpecify\":\"\"}","timestamp":"2016-08-16 16:24:53"}
{"level":"info","message":"transact","timestamp":"2016-08-16 16:24:53"}
{"level":"info","message":"Error connecting database ... nnError: Cannot enqueue Handshake after already enqueuing a Handshake.","timestamp":"2016-08-16 16:24:53"}
{"level":"info","message":"transact","timestamp":"2016-08-16 16:24:53"}
{"level":"info","message":"Error connecting database ... nnError: Cannot enqueue Handshake after already enqueuing a Handshake.","timestamp":"2016-08-16 16:24:53"}
{"level":"info","message":"info message","timestamp":"2016-08-16 16:28:14"}
{"level":"info","message":"started","timestamp":"2016-08-16 16:28:14"}
{"level":"info","message":"Function Getdata..........","timestamp":"2016-08-16 16:28:14"}
{"level":"info","message":"transact","timestamp":"2016-08-16 16:28:14"}
{"level":"info","message":"[{\"Id\":78,\"Name\":\"Admin Admin\",\"CompanyLegalName\":\"Meg\",\"CompanyPhone\":\"0456-34344\",\"Mobile\":\"894589489\",\"Email\":\"admin\",\"JobTitle\":\"asasa\",\"Fax\":\"0421-1112\",\"Address\":\"asd\"}]","timestamp":"2016-08-16 16:28:14"}
{"level":"info","message":"{\"Id\":78,\"Name\":\"Admin Admin\",\"CompanyLegalName\":\"Meg\",\"CompanyPhone\":\"0456-34344\",\"Mobile\":\"894589489\",\"Email\":\"admin\",\"JobTitle\":\"asasa\",\"Fax\":\"0421-1112\",\"Address\":\"asd\"}","timestamp":"2016-08-16 16:28:14"}
{"level":"info","message":"transact","timestamp":"2016-08-16 16:28:14"}
{"level":"info","message":"Error connecting database ... nnError: Cannot enqueue Handshake after already enqueuing a Handshake.","timestamp":"2016-08-16 16:28:14"}
{"level":"info","message":"[{\"Id\":179,\"PaymentTermsId\":88,\"CurrencyId\":76,\"CurrencySymbol\":\"$\",\"IncoTermsId\":81,\"ShipById\":76,\"FrieghtChargesId\":77,\"InsuranceId\":72,\"ApplicationStatusId\":76,\"CreditAmountRequested\":\"1500\",\"Tolerance\":\"0\",\"ShippingIfOtherSpecify\":\"\",\"PartialShipment\":\"Allowed\",\"TranShipment\":\"Prohibited \",\"ExpirationDate\":\"08/16/2016\",\"LatestShipment\":\"08/16/2016\",\"PortOfLoading\":\"\",\"PortOfDischarge\":\"\",\"DaysToPresentDocuments\":\"14\",\"Transferable\":\"Yes\",\"ConfirmationInstructions\":\"None\",\"CreatedDate\":\"08/16/2016\",\"ModifiedDate\":\"08/16/2016\",\"CreaterId\":78,\"ModifierId\":78,\"BenificiaryId\":98,\"BankId\":102,\"ApplicantId\":78,\"LcaNo\":\"179\",\"EtcLcaNo\":\"\",\"Signature\":\"\",\"Terms\":{\"type\":\"Buffer\",\"data\":[0]},\"IsCompleted\":{\"type\":\"Buffer\",\"data\":[0]},\"DescriptionOfGoods\":\"\",\"RequiredDocuments\":\"\",\"AdditionalConditions\":\"\",\"IncoTermIfOtherSpecify\":\"\"}]","timestamp":"2016-08-16 16:28:14"}
{"level":"info","message":"{\"Id\":179,\"PaymentTermsId\":88,\"CurrencyId\":76,\"CurrencySymbol\":\"$\",\"IncoTermsId\":81,\"ShipById\":76,\"FrieghtChargesId\":77,\"InsuranceId\":72,\"ApplicationStatusId\":76,\"CreditAmountRequested\":\"1500\",\"Tolerance\":\"0\",\"ShippingIfOtherSpecify\":\"\",\"PartialShipment\":\"Allowed\",\"TranShipment\":\"Prohibited \",\"ExpirationDate\":\"08/16/2016\",\"LatestShipment\":\"08/16/2016\",\"PortOfLoading\":\"\",\"PortOfDischarge\":\"\",\"DaysToPresentDocuments\":\"14\",\"Transferable\":\"Yes\",\"ConfirmationInstructions\":\"None\",\"CreatedDate\":\"08/16/2016\",\"ModifiedDate\":\"08/16/2016\",\"CreaterId\":78,\"ModifierId\":78,\"BenificiaryId\":98,\"BankId\":102,\"ApplicantId\":78,\"LcaNo\":\"179\",\"EtcLcaNo\":\"\",\"Signature\":\"\",\"Terms\":{\"type\":\"Buffer\",\"data\":[0]},\"IsCompleted\":{\"type\":\"Buffer\",\"data\":[0]},\"DescriptionOfGoods\":\"\",\"RequiredDocuments\":\"\",\"AdditionalConditions\":\"\",\"IncoTermIfOtherSpecify\":\"\"}","timestamp":"2016-08-16 16:28:14"}
{"level":"info","message":"transact","timestamp":"2016-08-16 16:28:14"}
{"level":"info","message":"Error connecting database ... nnError: Cannot enqueue Handshake after already enqueuing a Handshake.","timestamp":"2016-08-16 16:28:14"}
{"level":"info","message":"info message","timestamp":"2016-08-16 16:29:58"}
{"level":"info","message":"started","timestamp":"2016-08-16 16:29:58"}
{"level":"info","message":"Function Getdata..........","timestamp":"2016-08-16 16:29:58"}
{"level":"info","message":"transact","timestamp":"2016-08-16 16:29:58"}
{"level":"info","message":"[{\"Id\":78,\"Name\":\"Admin Admin\",\"CompanyLegalName\":\"Meg\",\"CompanyPhone\":\"0456-34344\",\"Mobile\":\"894589489\",\"Email\":\"admin\",\"JobTitle\":\"asasa\",\"Fax\":\"0421-1112\",\"Address\":\"asd\"}]","timestamp":"2016-08-16 16:29:58"}
{"level":"info","message":"{\"Id\":78,\"Name\":\"Admin Admin\",\"CompanyLegalName\":\"Meg\",\"CompanyPhone\":\"0456-34344\",\"Mobile\":\"894589489\",\"Email\":\"admin\",\"JobTitle\":\"asasa\",\"Fax\":\"0421-1112\",\"Address\":\"asd\"}","timestamp":"2016-08-16 16:29:58"}
{"level":"info","message":"transact","timestamp":"2016-08-16 16:29:58"}
{"level":"info","message":"[{\"Id\":179,\"PaymentTermsId\":88,\"CurrencyId\":76,\"CurrencySymbol\":\"$\",\"IncoTermsId\":81,\"ShipById\":76,\"FrieghtChargesId\":77,\"InsuranceId\":72,\"ApplicationStatusId\":76,\"CreditAmountRequested\":\"1500\",\"Tolerance\":\"0\",\"ShippingIfOtherSpecify\":\"\",\"PartialShipment\":\"Allowed\",\"TranShipment\":\"Prohibited \",\"ExpirationDate\":\"08/16/2016\",\"LatestShipment\":\"08/16/2016\",\"PortOfLoading\":\"\",\"PortOfDischarge\":\"\",\"DaysToPresentDocuments\":\"14\",\"Transferable\":\"Yes\",\"ConfirmationInstructions\":\"None\",\"CreatedDate\":\"08/16/2016\",\"ModifiedDate\":\"08/16/2016\",\"CreaterId\":78,\"ModifierId\":78,\"BenificiaryId\":98,\"BankId\":102,\"ApplicantId\":78,\"LcaNo\":\"179\",\"EtcLcaNo\":\"\",\"Signature\":\"\",\"Terms\":{\"type\":\"Buffer\",\"data\":[0]},\"IsCompleted\":{\"type\":\"Buffer\",\"data\":[0]},\"DescriptionOfGoods\":\"\",\"RequiredDocuments\":\"\",\"AdditionalConditions\":\"\",\"IncoTermIfOtherSpecify\":\"\"}]","timestamp":"2016-08-16 16:29:58"}
{"level":"info","message":"{\"Id\":179,\"PaymentTermsId\":88,\"CurrencyId\":76,\"CurrencySymbol\":\"$\",\"IncoTermsId\":81,\"ShipById\":76,\"FrieghtChargesId\":77,\"InsuranceId\":72,\"ApplicationStatusId\":76,\"CreditAmountRequested\":\"1500\",\"Tolerance\":\"0\",\"ShippingIfOtherSpecify\":\"\",\"PartialShipment\":\"Allowed\",\"TranShipment\":\"Prohibited \",\"ExpirationDate\":\"08/16/2016\",\"LatestShipment\":\"08/16/2016\",\"PortOfLoading\":\"\",\"PortOfDischarge\":\"\",\"DaysToPresentDocuments\":\"14\",\"Transferable\":\"Yes\",\"ConfirmationInstructions\":\"None\",\"CreatedDate\":\"08/16/2016\",\"ModifiedDate\":\"08/16/2016\",\"CreaterId\":78,\"ModifierId\":78,\"BenificiaryId\":98,\"BankId\":102,\"ApplicantId\":78,\"LcaNo\":\"179\",\"EtcLcaNo\":\"\",\"Signature\":\"\",\"Terms\":{\"type\":\"Buffer\",\"data\":[0]},\"IsCompleted\":{\"type\":\"Buffer\",\"data\":[0]},\"DescriptionOfGoods\":\"\",\"RequiredDocuments\":\"\",\"AdditionalConditions\":\"\",\"IncoTermIfOtherSpecify\":\"\"}","timestamp":"2016-08-16 16:29:58"}
{"level":"info","message":"transact","timestamp":"2016-08-16 16:29:58"}
{"level":"info","message":"transact","timestamp":"2016-08-16 16:29:58"}
{"level":"info","message":"Function Getdata..........","timestamp":"2016-08-16 16:29:58"}
{"level":"info","message":"transact","timestamp":"2016-08-16 16:29:58"}
{"level":"info","message":"[{\"Id\":78,\"Name\":\"Admin Admin\",\"CompanyLegalName\":\"Meg\",\"CompanyPhone\":\"0456-34344\",\"Mobile\":\"894589489\",\"Email\":\"admin\",\"JobTitle\":\"asasa\",\"Fax\":\"0421-1112\",\"Address\":\"asd\"}]","timestamp":"2016-08-16 16:29:58"}
{"level":"info","message":"{\"Id\":78,\"Name\":\"Admin Admin\",\"CompanyLegalName\":\"Meg\",\"CompanyPhone\":\"0456-34344\",\"Mobile\":\"894589489\",\"Email\":\"admin\",\"JobTitle\":\"asasa\",\"Fax\":\"0421-1112\",\"Address\":\"asd\"}","timestamp":"2016-08-16 16:29:58"}
{"level":"info","message":"transact","timestamp":"2016-08-16 16:29:58"}
{"level":"info","message":"transact","timestamp":"2016-08-16 16:29:58"}
{"level":"info","message":"[{\"Id\":179,\"PaymentTermsId\":88,\"CurrencyId\":76,\"CurrencySymbol\":\"$\",\"IncoTermsId\":81,\"ShipById\":76,\"FrieghtChargesId\":77,\"InsuranceId\":72,\"ApplicationStatusId\":76,\"CreditAmountRequested\":\"1500\",\"Tolerance\":\"0\",\"ShippingIfOtherSpecify\":\"\",\"PartialShipment\":\"Allowed\",\"TranShipment\":\"Prohibited \",\"ExpirationDate\":\"08/16/2016\",\"LatestShipment\":\"08/16/2016\",\"PortOfLoading\":\"\",\"PortOfDischarge\":\"\",\"DaysToPresentDocuments\":\"14\",\"Transferable\":\"Yes\",\"ConfirmationInstructions\":\"None\",\"CreatedDate\":\"08/16/2016\",\"ModifiedDate\":\"08/16/2016\",\"CreaterId\":78,\"ModifierId\":78,\"BenificiaryId\":98,\"BankId\":102,\"ApplicantId\":78,\"LcaNo\":\"179\",\"EtcLcaNo\":\"\",\"Signature\":\"\",\"Terms\":{\"type\":\"Buffer\",\"data\":[0]},\"IsCompleted\":{\"type\":\"Buffer\",\"data\":[0]},\"DescriptionOfGoods\":\"\",\"RequiredDocuments\":\"\",\"AdditionalConditions\":\"\",\"IncoTermIfOtherSpecify\":\"\"}]","timestamp":"2016-08-16 16:29:58"}
{"level":"info","message":"{\"Id\":179,\"PaymentTermsId\":88,\"CurrencyId\":76,\"CurrencySymbol\":\"$\",\"IncoTermsId\":81,\"ShipById\":76,\"FrieghtChargesId\":77,\"InsuranceId\":72,\"ApplicationStatusId\":76,\"CreditAmountRequested\":\"1500\",\"Tolerance\":\"0\",\"ShippingIfOtherSpecify\":\"\",\"PartialShipment\":\"Allowed\",\"TranShipment\":\"Prohibited \",\"ExpirationDate\":\"08/16/2016\",\"LatestShipment\":\"08/16/2016\",\"PortOfLoading\":\"\",\"PortOfDischarge\":\"\",\"DaysToPresentDocuments\":\"14\",\"Transferable\":\"Yes\",\"ConfirmationInstructions\":\"None\",\"CreatedDate\":\"08/16/2016\",\"ModifiedDate\":\"08/16/2016\",\"CreaterId\":78,\"ModifierId\":78,\"BenificiaryId\":98,\"BankId\":102,\"ApplicantId\":78,\"LcaNo\":\"179\",\"EtcLcaNo\":\"\",\"Signature\":\"\",\"Terms\":{\"type\":\"Buffer\",\"data\":[0]},\"IsCompleted\":{\"type\":\"Buffer\",\"data\":[0]},\"DescriptionOfGoods\":\"\",\"RequiredDocuments\":\"\",\"AdditionalConditions\":\"\",\"IncoTermIfOtherSpecify\":\"\"}","timestamp":"2016-08-16 16:29:58"}
{"level":"info","message":"transact","timestamp":"2016-08-16 16:29:58"}
{"level":"info","message":"info message","timestamp":"2016-08-16 18:09:02"}
{"level":"info","message":"started","timestamp":"2016-08-16 18:09:02"}
{"level":"info","message":"transact","timestamp":"2016-08-16 18:09:02"}
{"level":"info","message":"[{\"Id\":78,\"Name\":\"Admin Admin\",\"CompanyLegalName\":\"Meg\",\"CompanyPhone\":\"0456-34344\",\"Mobile\":\"894589489\",\"Email\":\"admin\",\"JobTitle\":\"asasa\",\"Fax\":\"0421-1112\",\"Address\":\"asd\"}]","timestamp":"2016-08-16 18:09:02"}
{"level":"info","message":"{\"Id\":78,\"Name\":\"Admin Admin\",\"CompanyLegalName\":\"Meg\",\"CompanyPhone\":\"0456-34344\",\"Mobile\":\"894589489\",\"Email\":\"admin\",\"JobTitle\":\"asasa\",\"Fax\":\"0421-1112\",\"Address\":\"asd\"}","timestamp":"2016-08-16 18:09:02"}
{"level":"info","message":"transact","timestamp":"2016-08-16 18:09:02"}
{"level":"info","message":"transact","timestamp":"2016-08-16 18:09:02"}
{"level":"info","message":"info message","timestamp":"2016-08-16 18:32:31"}
{"level":"info","message":"started","timestamp":"2016-08-16 18:32:31"}
{"level":"info","message":"transact","timestamp":"2016-08-16 18:32:31"}
{"level":"info","message":"[{\"Id\":78,\"Name\":\"Admin Admin\",\"CompanyLegalName\":\"Meg\",\"CompanyPhone\":\"0456-34344\",\"Mobile\":\"894589489\",\"Email\":\"admin\",\"JobTitle\":\"asasa\",\"Fax\":\"0421-1112\",\"Address\":\"asd\"}]","timestamp":"2016-08-16 18:32:31"}
{"level":"info","message":"{\"Id\":78,\"Name\":\"Admin Admin\",\"CompanyLegalName\":\"Meg\",\"CompanyPhone\":\"0456-34344\",\"Mobile\":\"894589489\",\"Email\":\"admin\",\"JobTitle\":\"asasa\",\"Fax\":\"0421-1112\",\"Address\":\"asd\"}","timestamp":"2016-08-16 18:32:31"}
{"level":"info","message":"transact","timestamp":"2016-08-16 18:32:31"}
{"level":"info","message":"transact","timestamp":"2016-08-16 18:32:31"}
{"level":"info","message":"info message","timestamp":"2016-08-16 18:34:04"}
{"level":"info","message":"started","timestamp":"2016-08-16 18:34:04"}
{"level":"info","message":"transact","timestamp":"2016-08-16 18:34:04"}
{"level":"info","message":"[{\"Id\":78,\"Name\":\"Admin Admin\",\"CompanyLegalName\":\"Meg\",\"CompanyPhone\":\"0456-34344\",\"Mobile\":\"894589489\",\"Email\":\"admin\",\"JobTitle\":\"asasa\",\"Fax\":\"0421-1112\",\"Address\":\"asd\"}]","timestamp":"2016-08-16 18:34:04"}
{"level":"info","message":"{\"Id\":78,\"Name\":\"Admin Admin\",\"CompanyLegalName\":\"Meg\",\"CompanyPhone\":\"0456-34344\",\"Mobile\":\"894589489\",\"Email\":\"admin\",\"JobTitle\":\"asasa\",\"Fax\":\"0421-1112\",\"Address\":\"asd\"}","timestamp":"2016-08-16 18:34:04"}
{"level":"info","message":"transact","timestamp":"2016-08-16 18:34:04"}
{"level":"info","message":"transact","timestamp":"2016-08-16 18:34:04"}
{"date":"Tue Aug 16 2016 18:34:33 GMT+0530 (India Standard Time)","process":{"pid":8284,"uid":null,"gid":null,"cwd":"D:\\pandi\\Node\\basic\\basic","execPath":"C:\\Program Files\\nodejs\\node.exe","version":"v4.4.4","argv":["C:\\Program Files\\nodejs\\node.exe","D:\\pandi\\Node\\basic\\basic\\app.js"],"memoryUsage":{"rss":51253248,"heapTotal":27992400,"heapUsed":24981192}},"os":{"loadavg":[0,0,0],"uptime":545688.2074782},"trace":[{"column":null,"file":null,"function":"Error","line":null,"method":null,"native":true}],"stack":["Error: ENOENT: no such file or directory, open 'E:\\uploads\\D:\\pandi\\Node\\basic\\basic\\public\\Files\\179\\page2_img2-300x219.jpg'","    at Error (native)"],"level":"error","message":"uncaughtException: ENOENT: no such file or directory, open 'E:\\uploads\\D:\\pandi\\Node\\basic\\basic\\public\\Files\\179\\page2_img2-300x219.jpg'","timestamp":"2016-08-16 18:34:04"}
{"date":"Tue Aug 16 2016 18:34:33 GMT+0530 (India Standard Time)","process":{"pid":8284,"uid":null,"gid":null,"cwd":"D:\\pandi\\Node\\basic\\basic","execPath":"C:\\Program Files\\nodejs\\node.exe","version":"v4.4.4","argv":["C:\\Program Files\\nodejs\\node.exe","D:\\pandi\\Node\\basic\\basic\\app.js"],"memoryUsage":{"rss":51916800,"heapTotal":27992400,"heapUsed":25386504}},"os":{"loadavg":[0,0,0],"uptime":545688.2278051},"trace":[{"column":null,"file":null,"function":"Error","line":null,"method":null,"native":true}],"stack":["Error: ENOENT: no such file or directory, open 'E:\\uploads\\D:\\pandi\\Node\\basic\\basic\\public\\Files\\179\\page2_img4-300x219.jpg'","    at Error (native)"],"level":"error","message":"uncaughtException: ENOENT: no such file or directory, open 'E:\\uploads\\D:\\pandi\\Node\\basic\\basic\\public\\Files\\179\\page2_img4-300x219.jpg'","timestamp":"2016-08-16 18:34:04"}
{"level":"info","message":"info message","timestamp":"2016-08-16 18:35:23"}
{"level":"info","message":"started","timestamp":"2016-08-16 18:35:23"}
{"level":"info","message":"transact","timestamp":"2016-08-16 18:35:23"}
{"level":"info","message":"[{\"Id\":78,\"Name\":\"Admin Admin\",\"CompanyLegalName\":\"Meg\",\"CompanyPhone\":\"0456-34344\",\"Mobile\":\"894589489\",\"Email\":\"admin\",\"JobTitle\":\"asasa\",\"Fax\":\"0421-1112\",\"Address\":\"asd\"}]","timestamp":"2016-08-16 18:35:23"}
{"level":"info","message":"{\"Id\":78,\"Name\":\"Admin Admin\",\"CompanyLegalName\":\"Meg\",\"CompanyPhone\":\"0456-34344\",\"Mobile\":\"894589489\",\"Email\":\"admin\",\"JobTitle\":\"asasa\",\"Fax\":\"0421-1112\",\"Address\":\"asd\"}","timestamp":"2016-08-16 18:35:23"}
{"level":"info","message":"transact","timestamp":"2016-08-16 18:35:23"}
{"level":"info","message":"transact","timestamp":"2016-08-16 18:35:23"}
{"date":"Tue Aug 16 2016 18:35:51 GMT+0530 (India Standard Time)","process":{"pid":12392,"uid":null,"gid":null,"cwd":"D:\\pandi\\Node\\basic\\basic","execPath":"C:\\Program Files\\nodejs\\node.exe","version":"v4.4.4","argv":["C:\\Program Files\\nodejs\\node.exe","D:\\pandi\\Node\\basic\\basic\\app.js"],"memoryUsage":{"rss":50941952,"heapTotal":26960464,"heapUsed":24961872}},"os":{"loadavg":[0,0,0],"uptime":545765.9373444},"trace":[{"column":null,"file":null,"function":"Error","line":null,"method":null,"native":true}],"stack":["Error: ENOENT: no such file or directory, open 'E:\\uploads\\D:\\pandi\\Node\\basic\\basic\\public\\Files\\179\\page2_img2-300x219.jpg'","    at Error (native)"],"level":"error","message":"uncaughtException: ENOENT: no such file or directory, open 'E:\\uploads\\D:\\pandi\\Node\\basic\\basic\\public\\Files\\179\\page2_img2-300x219.jpg'","timestamp":"2016-08-16 18:35:23"}
{"date":"Tue Aug 16 2016 18:35:51 GMT+0530 (India Standard Time)","process":{"pid":12392,"uid":null,"gid":null,"cwd":"D:\\pandi\\Node\\basic\\basic","execPath":"C:\\Program Files\\nodejs\\node.exe","version":"v4.4.4","argv":["C:\\Program Files\\nodejs\\node.exe","D:\\pandi\\Node\\basic\\basic\\app.js"],"memoryUsage":{"rss":51662848,"heapTotal":27992400,"heapUsed":25371256}},"os":{"loadavg":[0,0,0],"uptime":545765.9578187},"trace":[{"column":null,"file":null,"function":"Error","line":null,"method":null,"native":true}],"stack":["Error: ENOENT: no such file or directory, open 'E:\\uploads\\D:\\pandi\\Node\\basic\\basic\\public\\Files\\179\\page2_img4-300x219.jpg'","    at Error (native)"],"level":"error","message":"uncaughtException: ENOENT: no such file or directory, open 'E:\\uploads\\D:\\pandi\\Node\\basic\\basic\\public\\Files\\179\\page2_img4-300x219.jpg'","timestamp":"2016-08-16 18:35:23"}
{"level":"info","message":"info message","timestamp":"2016-08-16 18:36:57"}
{"level":"info","message":"started","timestamp":"2016-08-16 18:36:57"}
{"level":"info","message":"transact","timestamp":"2016-08-16 18:36:57"}
{"level":"info","message":"[{\"Id\":78,\"Name\":\"Admin Admin\",\"CompanyLegalName\":\"Meg\",\"CompanyPhone\":\"0456-34344\",\"Mobile\":\"894589489\",\"Email\":\"admin\",\"JobTitle\":\"asasa\",\"Fax\":\"0421-1112\",\"Address\":\"asd\"}]","timestamp":"2016-08-16 18:36:57"}
{"level":"info","message":"{\"Id\":78,\"Name\":\"Admin Admin\",\"CompanyLegalName\":\"Meg\",\"CompanyPhone\":\"0456-34344\",\"Mobile\":\"894589489\",\"Email\":\"admin\",\"JobTitle\":\"asasa\",\"Fax\":\"0421-1112\",\"Address\":\"asd\"}","timestamp":"2016-08-16 18:36:57"}
{"level":"info","message":"transact","timestamp":"2016-08-16 18:36:57"}
{"level":"info","message":"transact","timestamp":"2016-08-16 18:36:57"}
{"date":"Tue Aug 16 2016 18:37:27 GMT+0530 (India Standard Time)","process":{"pid":8896,"uid":null,"gid":null,"cwd":"D:\\pandi\\Node\\basic\\basic","execPath":"C:\\Program Files\\nodejs\\node.exe","version":"v4.4.4","argv":["C:\\Program Files\\nodejs\\node.exe","D:\\pandi\\Node\\basic\\basic\\app.js"],"memoryUsage":{"rss":51101696,"heapTotal":26960464,"heapUsed":24937024}},"os":{"loadavg":[0,0,0],"uptime":545862.2242336},"trace":[{"column":null,"file":null,"function":"Error","line":null,"method":null,"native":true}],"stack":["Error: ENOENT: no such file or directory, open 'E:\\uploads\\D:\\pandi\\Node\\basic\\basic\\public\\Files\\179\\page2_img2-300x219.jpg'","    at Error (native)"],"level":"error","message":"uncaughtException: ENOENT: no such file or directory, open 'E:\\uploads\\D:\\pandi\\Node\\basic\\basic\\public\\Files\\179\\page2_img2-300x219.jpg'","timestamp":"2016-08-16 18:36:57"}
{"date":"Tue Aug 16 2016 18:37:27 GMT+0530 (India Standard Time)","process":{"pid":8896,"uid":null,"gid":null,"cwd":"D:\\pandi\\Node\\basic\\basic","execPath":"C:\\Program Files\\nodejs\\node.exe","version":"v4.4.4","argv":["C:\\Program Files\\nodejs\\node.exe","D:\\pandi\\Node\\basic\\basic\\app.js"],"memoryUsage":{"rss":51834880,"heapTotal":27992400,"heapUsed":25342784}},"os":{"loadavg":[0,0,0],"uptime":545862.2444389},"trace":[{"column":null,"file":null,"function":"Error","line":null,"method":null,"native":true}],"stack":["Error: ENOENT: no such file or directory, open 'E:\\uploads\\D:\\pandi\\Node\\basic\\basic\\public\\Files\\179\\page2_img4-300x219.jpg'","    at Error (native)"],"level":"error","message":"uncaughtException: ENOENT: no such file or directory, open 'E:\\uploads\\D:\\pandi\\Node\\basic\\basic\\public\\Files\\179\\page2_img4-300x219.jpg'","timestamp":"2016-08-16 18:36:57"}
{"level":"info","message":"info message","timestamp":"2016-08-16 18:37:56"}
{"level":"info","message":"started","timestamp":"2016-08-16 18:37:56"}
{"level":"info","message":"transact","timestamp":"2016-08-16 18:37:56"}
{"level":"info","message":"[{\"Id\":78,\"Name\":\"Admin Admin\",\"CompanyLegalName\":\"Meg\",\"CompanyPhone\":\"0456-34344\",\"Mobile\":\"894589489\",\"Email\":\"admin\",\"JobTitle\":\"asasa\",\"Fax\":\"0421-1112\",\"Address\":\"asd\"}]","timestamp":"2016-08-16 18:37:56"}
{"level":"info","message":"{\"Id\":78,\"Name\":\"Admin Admin\",\"CompanyLegalName\":\"Meg\",\"CompanyPhone\":\"0456-34344\",\"Mobile\":\"894589489\",\"Email\":\"admin\",\"JobTitle\":\"asasa\",\"Fax\":\"0421-1112\",\"Address\":\"asd\"}","timestamp":"2016-08-16 18:37:56"}
{"level":"info","message":"transact","timestamp":"2016-08-16 18:37:56"}
{"level":"info","message":"transact","timestamp":"2016-08-16 18:37:56"}
{"date":"Tue Aug 16 2016 18:38:33 GMT+0530 (India Standard Time)","process":{"pid":5064,"uid":null,"gid":null,"cwd":"D:\\pandi\\Node\\basic\\basic","execPath":"C:\\Program Files\\nodejs\\node.exe","version":"v4.4.4","argv":["C:\\Program Files\\nodejs\\node.exe","D:\\pandi\\Node\\basic\\basic\\app.js"],"memoryUsage":{"rss":51023872,"heapTotal":27992400,"heapUsed":24915056}},"os":{"loadavg":[0,0,0],"uptime":545927.7702819},"trace":[{"column":null,"file":null,"function":"Error","line":null,"method":null,"native":true}],"stack":["Error: ENOENT: no such file or directory, open 'E:\\uploads\\D:\\pandi\\Node\\basic\\basic\\public\\Files\\179\\page2_img2-300x219.jpg'","    at Error (native)"],"level":"error","message":"uncaughtException: ENOENT: no such file or directory, open 'E:\\uploads\\D:\\pandi\\Node\\basic\\basic\\public\\Files\\179\\page2_img2-300x219.jpg'","timestamp":"2016-08-16 18:37:56"}
{"date":"Tue Aug 16 2016 18:38:33 GMT+0530 (India Standard Time)","process":{"pid":5064,"uid":null,"gid":null,"cwd":"D:\\pandi\\Node\\basic\\basic","execPath":"C:\\Program Files\\nodejs\\node.exe","version":"v4.4.4","argv":["C:\\Program Files\\nodejs\\node.exe","D:\\pandi\\Node\\basic\\basic\\app.js"],"memoryUsage":{"rss":51740672,"heapTotal":27992400,"heapUsed":25320840}},"os":{"loadavg":[0,0,0],"uptime":545927.7892946},"trace":[{"column":null,"file":null,"function":"Error","line":null,"method":null,"native":true}],"stack":["Error: ENOENT: no such file or directory, open 'E:\\uploads\\D:\\pandi\\Node\\basic\\basic\\public\\Files\\179\\page2_img4-300x219.jpg'","    at Error (native)"],"level":"error","message":"uncaughtException: ENOENT: no such file or directory, open 'E:\\uploads\\D:\\pandi\\Node\\basic\\basic\\public\\Files\\179\\page2_img4-300x219.jpg'","timestamp":"2016-08-16 18:37:56"}
{"level":"info","message":"transact","timestamp":"2016-08-16 18:37:56"}
{"level":"info","message":"[{\"Id\":78,\"Name\":\"Admin Admin\",\"CompanyLegalName\":\"Meg\",\"CompanyPhone\":\"0456-34344\",\"Mobile\":\"894589489\",\"Email\":\"admin\",\"JobTitle\":\"asasa\",\"Fax\":\"0421-1112\",\"Address\":\"asd\"}]","timestamp":"2016-08-16 18:37:56"}
{"level":"info","message":"{\"Id\":78,\"Name\":\"Admin Admin\",\"CompanyLegalName\":\"Meg\",\"CompanyPhone\":\"0456-34344\",\"Mobile\":\"894589489\",\"Email\":\"admin\",\"JobTitle\":\"asasa\",\"Fax\":\"0421-1112\",\"Address\":\"asd\"}","timestamp":"2016-08-16 18:37:56"}
{"level":"info","message":"transact","timestamp":"2016-08-16 18:37:56"}
{"level":"info","message":"transact","timestamp":"2016-08-16 18:37:56"}
{"date":"Tue Aug 16 2016 18:39:18 GMT+0530 (India Standard Time)","process":{"pid":5064,"uid":null,"gid":null,"cwd":"D:\\pandi\\Node\\basic\\basic","execPath":"C:\\Program Files\\nodejs\\node.exe","version":"v4.4.4","argv":["C:\\Program Files\\nodejs\\node.exe","D:\\pandi\\Node\\basic\\basic\\app.js"],"memoryUsage":{"rss":54423552,"heapTotal":29024336,"heapUsed":27297920}},"os":{"loadavg":[0,0,0],"uptime":545972.6246753},"trace":[{"column":null,"file":null,"function":"Error","line":null,"method":null,"native":true}],"stack":["Error: ENOENT: no such file or directory, open 'E:\\uploads\\D:\\pandi\\Node\\basic\\basic\\public\\Files\\179\\page2_img2-300x219.jpg'","    at Error (native)"],"level":"error","message":"uncaughtException: ENOENT: no such file or directory, open 'E:\\uploads\\D:\\pandi\\Node\\basic\\basic\\public\\Files\\179\\page2_img2-300x219.jpg'","timestamp":"2016-08-16 18:37:56"}
{"date":"Tue Aug 16 2016 18:39:18 GMT+0530 (India Standard Time)","process":{"pid":5064,"uid":null,"gid":null,"cwd":"D:\\pandi\\Node\\basic\\basic","execPath":"C:\\Program Files\\nodejs\\node.exe","version":"v4.4.4","argv":["C:\\Program Files\\nodejs\\node.exe","D:\\pandi\\Node\\basic\\basic\\app.js"],"memoryUsage":{"rss":54521856,"heapTotal":29024336,"heapUsed":27523888}},"os":{"loadavg":[0,0,0],"uptime":545972.6455419},"trace":[{"column":null,"file":null,"function":"Error","line":null,"method":null,"native":true}],"stack":["Error: ENOENT: no such file or directory, open 'E:\\uploads\\D:\\pandi\\Node\\basic\\basic\\public\\Files\\179\\page2_img4-300x219.jpg'","    at Error (native)"],"level":"error","message":"uncaughtException: ENOENT: no such file or directory, open 'E:\\uploads\\D:\\pandi\\Node\\basic\\basic\\public\\Files\\179\\page2_img4-300x219.jpg'","timestamp":"2016-08-16 18:37:56"}
{"level":"info","message":"info message","timestamp":"2016-08-16 18:40:30"}
{"level":"info","message":"started","timestamp":"2016-08-16 18:40:30"}
{"level":"info","message":"transact","timestamp":"2016-08-16 18:40:30"}
{"level":"info","message":"[{\"Id\":78,\"Name\":\"Admin Admin\",\"CompanyLegalName\":\"Meg\",\"CompanyPhone\":\"0456-34344\",\"Mobile\":\"894589489\",\"Email\":\"admin\",\"JobTitle\":\"asasa\",\"Fax\":\"0421-1112\",\"Address\":\"asd\"}]","timestamp":"2016-08-16 18:40:30"}
{"level":"info","message":"{\"Id\":78,\"Name\":\"Admin Admin\",\"CompanyLegalName\":\"Meg\",\"CompanyPhone\":\"0456-34344\",\"Mobile\":\"894589489\",\"Email\":\"admin\",\"JobTitle\":\"asasa\",\"Fax\":\"0421-1112\",\"Address\":\"asd\"}","timestamp":"2016-08-16 18:40:30"}
{"level":"info","message":"transact","timestamp":"2016-08-16 18:40:30"}
{"level":"info","message":"transact","timestamp":"2016-08-16 18:40:30"}
